<?xml version="1.0" encoding="UTF-8"?>
<testsuite name="WizardTD.SampleTest" tests="1" skipped="0" failures="0" errors="0" timestamp="2023-09-21T04:02:40" hostname="Dhineshs-MacBook-Pro-2.local" time="0.041">
  <properties/>
  <testcase name="simpleTest()" classname="WizardTD.SampleTest" time="0.041"/>
  <system-out><![CDATA[]]></system-out>
  <system-err><![CDATA[]]></system-err>
</testsuite>
